2020-04-03 15:59:54,374 agent number of trainable parameters: 12459621
2020-04-03 16:21:11,038 Initializing dataset PointNav-v1
2020-04-03 16:23:42,160 config: BASE_TASK_CONFIG_PATH: /habitat-api/configs/tasks/pointnav_gibson.yaml
CHECKPOINT_FOLDER: data/new_checkpoints
CHECKPOINT_INTERVAL: 50
CMD_TRAILING_OPTS: []
ENV_NAME: NavRLEnv1
EVAL:
  SPLIT: val
  USE_CKPT_CONFIG: True
EVAL_CKPT_PATH_DIR: data/new_checkpoints
LOG_FILE: train.log
LOG_INTERVAL: 10
NUM_PROCESSES: 4
NUM_UPDATES: 5
ORBSLAM2:
  ANGLE_TH: 0.2617993877991494
  BETA: 100
  CAMERA_HEIGHT: 1.25
  DEPTH_DENORM: 10.0
  DIST_REACHED_TH: 0.15
  DIST_TO_STOP: 0.05
  D_OBSTACLE_MAX: 4.0
  D_OBSTACLE_MIN: 0.1
  H_OBSTACLE_MAX: 1.25
  H_OBSTACLE_MIN: 0.375
  MAP_CELL_SIZE: 0.1
  MAP_SIZE: 40
  MIN_PTS_IN_OBSTACLE: 320.0
  NEXT_WAYPOINT_TH: 0.5
  NUM_ACTIONS: 3
  PLANNER_MAX_STEPS: 500
  PREPROCESS_MAP: True
  SLAM_SETTINGS_PATH: habitat_baselines/slambased/data/mp3d3_small1k.yaml
  SLAM_VOCAB_PATH: habitat_baselines/slambased/data/ORBvoc.txt
RL:
  DDPPO:
    backbone: resnet50
    distrib_backend: GLOO
    num_recurrent_layers: 2
    pretrained: False
    pretrained_encoder: False
    pretrained_weights: data/ddppo-models/gibson-2plus-resnet50.pth
    reset_critic: True
    rnn_type: LSTM
    sync_frac: 0.6
    train_encoder: True
  PPO:
    clip_param: 0.2
    entropy_coef: 0.01
    eps: 1e-05
    gamma: 0.99
    hidden_size: 512
    lr: 0.00025
    max_grad_norm: 0.2
    num_mini_batch: 2
    num_steps: 128
    ppo_epoch: 2
    reward_window_size: 50
    tau: 0.95
    use_gae: True
    use_linear_clip_decay: False
    use_linear_lr_decay: False
    use_normalized_advantage: False
    value_loss_coef: 0.5
  REWARD_MEASURE: distance_to_goal
  SLACK_REWARD: -0.01
  SUCCESS_MEASURE: spl
  SUCCESS_REWARD: 2.5
SENSORS: ['DEPTH_SENSOR']
SIMULATOR_GPU_ID: 0
TASK_CONFIG:
  DATASET:
    CONTENT_SCENES: ['*']
    DATA_PATH: /data/v1/{split}/{split}.json.gz
    SCENES_DIR: /data
    SPLIT: train
    TYPE: PointNav-v1
  ENVIRONMENT:
    ITERATOR_OPTIONS:
      CYCLE: True
      GROUP_BY_SCENE: True
      MAX_SCENE_REPEAT_EPISODES: -1
      MAX_SCENE_REPEAT_STEPS: 10000
      NUM_EPISODE_SAMPLE: -1
      SHUFFLE: True
      STEP_REPETITION_RANGE: 0.2
    MAX_EPISODE_SECONDS: 10000000
    MAX_EPISODE_STEPS: 500
  PYROBOT:
    BASE_CONTROLLER: proportional
    BASE_PLANNER: none
    BUMP_SENSOR:
      TYPE: PyRobotBumpSensor
    DEPTH_SENSOR:
      CENTER_CROP: False
      HEIGHT: 480
      MAX_DEPTH: 5.0
      MIN_DEPTH: 0.0
      NORMALIZE_DEPTH: True
      TYPE: PyRobotDepthSensor
      WIDTH: 640
    LOCOBOT:
      ACTIONS: ['BASE_ACTIONS', 'CAMERA_ACTIONS']
      BASE_ACTIONS: ['go_to_relative', 'go_to_absolute']
      CAMERA_ACTIONS: ['set_pan', 'set_tilt', 'set_pan_tilt']
    RGB_SENSOR:
      CENTER_CROP: False
      HEIGHT: 480
      TYPE: PyRobotRGBSensor
      WIDTH: 640
    ROBOT: locobot
    ROBOTS: ['locobot']
    SENSORS: ['RGB_SENSOR', 'DEPTH_SENSOR', 'BUMP_SENSOR']
  SEED: 100
  SIMULATOR:
    ACTION_SPACE_CONFIG: v0
    AGENTS: ['AGENT_0']
    AGENT_0:
      ANGULAR_ACCELERATION: 12.56
      ANGULAR_FRICTION: 1.0
      COEFFICIENT_OF_RESTITUTION: 0.0
      HEIGHT: 0.88
      IS_SET_START_STATE: False
      LINEAR_ACCELERATION: 20.0
      LINEAR_FRICTION: 0.5
      MASS: 32.0
      RADIUS: 0.18
      SENSORS: ['RGB_SENSOR', 'DEPTH_SENSOR']
      START_POSITION: [0, 0, 0]
      START_ROTATION: [0, 0, 0, 1]
    DEFAULT_AGENT_ID: 0
    DEPTH_SENSOR:
      HEIGHT: 256
      HFOV: 70
      MAX_DEPTH: 10.0
      MIN_DEPTH: 0.1
      NOISE_MODEL: RedwoodDepthNoiseModel
      NORMALIZE_DEPTH: True
      ORIENTATION: [0.0, 0.0, 0.0]
      POSITION: [0, 0.88, 0]
      TYPE: HabitatSimDepthSensor
      WIDTH: 256
    FORWARD_STEP_SIZE: 0.15
    HABITAT_SIM_V0:
      ALLOW_SLIDING: False
      ENABLE_PHYSICS: False
      GPU_DEVICE_ID: 0
      GPU_GPU: False
      PHYSICS_CONFIG_FILE: ./data/default.phys_scene_config.json
    NOISE_MODEL:
      CONTROLLER: Proportional
      NOISE_MULTIPLIER: 0.5
    RGB_SENSOR:
      HEIGHT: 256
      HFOV: 70
      NOISE_MODEL: GaussianNoiseModel
      NOISE_MODEL_KWARGS:
        intensity_constant: 0.1
      ORIENTATION: [0.0, 0.0, 0.0]
      POSITION: [0, 0.88, 0]
      TYPE: HabitatSimRGBSensor
      WIDTH: 256
    SCENE: /data/gibson/Aldrich.glb
    SEED: 100
    SEMANTIC_SENSOR:
      HEIGHT: 480
      HFOV: 90
      ORIENTATION: [0.0, 0.0, 0.0]
      POSITION: [0, 1.25, 0]
      TYPE: HabitatSimSemanticSensor
      WIDTH: 640
    TILT_ANGLE: 2
    TURN_ANGLE: 2
    TYPE: Sim-v0
  TASK:
    ACTIONS:
      ANSWER:
        TYPE: AnswerAction
      LOOK_DOWN:
        TYPE: LookDownAction
      LOOK_UP:
        TYPE: LookUpAction
      MOVE_FORWARD:
        TYPE: MoveForwardAction
      STOP:
        TYPE: StopAction
      TELEPORT:
        TYPE: TeleportAction
      TURN_LEFT:
        TYPE: TurnLeftAction
      TURN_RIGHT:
        TYPE: TurnRightAction
    AGENT_POSITION_SENSOR:
      ANSWER_TO_LIFE: 42
      TYPE: position_sensor
    ANSWER_ACCURACY:
      TYPE: AnswerAccuracy
    COLLISIONS:
      TYPE: Collisions
    COMPASS_SENSOR:
      TYPE: CompassSensor
    CORRECT_ANSWER:
      TYPE: CorrectAnswer
    DISTANCE_TO_GOAL:
      DISTANCE_TO: POINT
      TYPE: DistanceToGoal
    EPISODE_INFO:
      TYPE: EpisodeInfo
    GOAL_SENSOR_UUID: pos
    GPS_SENSOR:
      DIMENSIONALITY: 3
      GOAL_FORMAT: CARTESIAN
      TYPE: GPSSensor
    HEADING_SENSOR:
      TYPE: HeadingSensor
    INSTRUCTION_SENSOR:
      TYPE: InstructionSensor
    INSTRUCTION_SENSOR_UUID: instruction
    MEASUREMENTS: ['DISTANCE_TO_GOAL', 'SPL', 'TOP_DOWN_MAP']
    OBJECTGOAL_SENSOR:
      GOAL_SPEC: TASK_CATEGORY_ID
      GOAL_SPEC_MAX_VAL: 50
      TYPE: ObjectGoalSensor
    POINTGOAL_SENSOR:
      DIMENSIONALITY: 3
      GOAL_FORMAT: CARTESIAN
      TYPE: PointGoalSensor
    POINTGOAL_WITH_GPS_COMPASS_SENSOR:
      DIMENSIONALITY: 3
      GOAL_FORMAT: CARTESIAN
      TYPE: PointGoalWithGPSCompassSensor
    POSSIBLE_ACTIONS: ['STOP', 'MOVE_FORWARD', 'TURN_LEFT', 'TURN_RIGHT']
    PROXIMITY_SENSOR:
      MAX_DETECTION_RADIUS: 2.0
      TYPE: ProximitySensor
    QUESTION_SENSOR:
      TYPE: QuestionSensor
    SENSORS: ['HEADING_SENSOR', 'COMPASS_SENSOR', 'GPS_SENSOR', 'POINTGOAL_SENSOR', 'POINTGOAL_WITH_GPS_COMPASS_SENSOR', 'AGENT_POSITION_SENSOR']
    SPL:
      SUCCESS_DISTANCE: 0.36
      TYPE: SPL
    SUCCESS_DISTANCE: 0.36
    TOP_DOWN_MAP:
      DRAW_BORDER: True
      DRAW_GOAL_AABBS: True
      DRAW_GOAL_POSITIONS: True
      DRAW_SHORTEST_PATH: True
      DRAW_SOURCE: True
      DRAW_VIEW_POINTS: True
      FOG_OF_WAR:
        DRAW: True
        FOV: 90
        VISIBILITY_DIST: 5.0
      MAP_PADDING: 3
      MAP_RESOLUTION: 1250
      MAX_EPISODE_STEPS: 500
      NUM_TOPDOWN_MAP_SAMPLE_POINTS: 20000
      TYPE: TopDownMap
    TYPE: Nav-v0
TENSORBOARD_DIR: tb
TEST_EPISODE_COUNT: 994
TORCH_GPU_ID: 0
TRAINER_NAME: ddppo
VIDEO_DIR: video_dir
VIDEO_OPTION: []
2020-04-03 16:31:16,574 agent number of trainable parameters: 12459621
2020-04-03 16:57:25,977 agent number of trainable parameters: 12459621
2020-04-03 16:59:10,467 agent number of trainable parameters: 12459621
2020-04-03 17:01:55,279 agent number of trainable parameters: 12459621
2020-04-03 17:06:57,085 agent number of trainable parameters: 12459621
2020-04-03 17:09:49,303 agent number of trainable parameters: 12459621
2020-04-03 17:13:53,670 agent number of trainable parameters: 12459621
2020-04-03 17:20:16,773 agent number of trainable parameters: 12459621
2020-04-03 17:27:01,045 agent number of trainable parameters: 12459621
2020-04-03 17:34:21,020 agent number of trainable parameters: 12459621
2020-04-03 17:36:59,440 agent number of trainable parameters: 12459621
2020-04-03 17:43:42,710 agent number of trainable parameters: 12459621
2020-04-03 17:45:50,529 agent number of trainable parameters: 12459621
2020-04-03 17:53:53,050 agent number of trainable parameters: 12459621
2020-04-03 17:57:55,298 agent number of trainable parameters: 12459621
2020-04-03 18:06:14,760 update: 10	fps: 11.332	
2020-04-03 18:06:14,764 update: 10	env-time: 450.033s	pth-time: 46.257s	frames: 5632.0
2020-04-03 18:06:14,764 Average window size: 11  distance_to_goal: 10.340  reward: -0.037  spl: 0.000  top_down_map.agent_angle: -1.549
2020-04-03 18:13:04,653 agent number of trainable parameters: 12459621
2020-04-03 18:36:27,996 agent number of trainable parameters: 12459621
2020-04-03 18:43:47,427 update: 10	fps: 19.340	
2020-04-03 18:43:47,432 update: 10	env-time: 387.851s	pth-time: 48.362s	frames: 8448.0
2020-04-03 18:43:47,433 Average window size: 11  distance_to_goal: nan  reward: -0.037  spl: 0.000  top_down_map.agent_angle: -1.494
2020-04-03 18:51:21,296 agent number of trainable parameters: 12459621
2020-04-03 18:58:20,834 update: 10	fps: 20.266	
2020-04-03 18:58:20,839 update: 10	env-time: 366.203s	pth-time: 50.032s	frames: 8448.0
2020-04-03 18:58:20,840 Average window size: 11  distance_to_goal: nan  reward: -0.026  spl: 0.004  top_down_map.agent_angle: -1.541
2020-04-03 19:05:23,660 update: 20	fps: 19.207	
2020-04-03 19:05:23,665 update: 20	env-time: 740.946s	pth-time: 97.615s	frames: 16128.0
2020-04-03 19:05:23,668 Average window size: 21  distance_to_goal: nan  reward: -0.018  spl: 0.005  top_down_map.agent_angle: -1.539
2020-04-03 19:12:41,377 update: 30	fps: 18.638	
2020-04-03 19:12:41,382 update: 30	env-time: 1130.775s	pth-time: 144.998s	frames: 23808.0
2020-04-03 19:12:41,383 Average window size: 31  distance_to_goal: nan  reward: -0.013  spl: 0.005  top_down_map.agent_angle: -1.540
2020-04-03 19:20:23,261 update: 40	fps: 18.104	
2020-04-03 19:20:23,266 update: 40	env-time: 1544.018s	pth-time: 193.146s	frames: 31488.0
2020-04-03 19:20:23,267 Average window size: 41  distance_to_goal: nan  reward: -0.010  spl: 0.005  top_down_map.agent_angle: -1.557
2020-04-03 19:28:08,500 update: 50	fps: 17.767	
2020-04-03 19:28:08,505 update: 50	env-time: 1960.192s	pth-time: 241.711s	frames: 39168.0
2020-04-03 19:28:08,506 Average window size: 50  distance_to_goal: nan  reward: -0.007  spl: 0.006  top_down_map.agent_angle: -1.552
2020-04-03 19:35:28,852 update: 60	fps: 17.713	
2020-04-03 19:35:28,857 update: 60	env-time: 2351.985s	pth-time: 289.713s	frames: 46848.0
2020-04-03 19:35:28,859 Average window size: 50  distance_to_goal: nan  reward: -0.005  spl: 0.005  top_down_map.agent_angle: -1.567
2020-04-03 19:43:06,236 update: 70	fps: 17.577	
2020-04-03 19:43:06,241 update: 70	env-time: 2761.331s	pth-time: 337.250s	frames: 54528.0
2020-04-03 19:43:06,242 Average window size: 50  distance_to_goal: nan  reward: -0.005  spl: 0.005  top_down_map.agent_angle: -1.569
2020-04-03 19:50:54,014 update: 80	fps: 17.425	
2020-04-03 19:50:54,019 update: 80	env-time: 3180.707s	pth-time: 385.140s	frames: 62208.0
2020-04-03 19:50:54,020 Average window size: 50  distance_to_goal: nan  reward: -0.004  spl: 0.005  top_down_map.agent_angle: -1.571
2020-04-03 19:59:43,750 update: 90	fps: 17.047	
2020-04-03 19:59:43,755 update: 90	env-time: 3660.369s	pth-time: 434.700s	frames: 69888.0
2020-04-03 19:59:43,756 Average window size: 50  distance_to_goal: nan  reward: -0.004  spl: 0.005  top_down_map.agent_angle: -1.568
2020-04-03 20:08:23,457 update: 100	fps: 16.791	
2020-04-03 20:08:23,461 update: 100	env-time: 4129.954s	pth-time: 484.298s	frames: 77568.0
2020-04-03 20:08:23,462 Average window size: 50  distance_to_goal: nan  reward: -0.007  spl: 0.004  top_down_map.agent_angle: -1.575
2020-04-03 20:17:18,452 update: 110	fps: 16.539	
2020-04-03 20:17:18,456 update: 110	env-time: 4613.642s	pth-time: 535.006s	frames: 85248.0
2020-04-03 20:17:18,457 Average window size: 50  distance_to_goal: nan  reward: -0.009  spl: 0.003  top_down_map.agent_angle: -1.572
2020-04-03 20:26:10,371 update: 120	fps: 16.342	
2020-04-03 20:26:10,375 update: 120	env-time: 5095.174s	pth-time: 584.875s	frames: 92928.0
2020-04-03 20:26:10,376 Average window size: 50  distance_to_goal: nan  reward: -0.011  spl: 0.002  top_down_map.agent_angle: -1.575
2020-04-03 20:35:12,728 update: 130	fps: 16.152	
2020-04-03 20:35:12,733 update: 130	env-time: 5587.185s	pth-time: 634.681s	frames: 100608.0
2020-04-03 20:35:12,734 Average window size: 50  distance_to_goal: nan  reward: -0.015  spl: 0.001  top_down_map.agent_angle: -1.582
2020-04-03 20:44:17,466 update: 140	fps: 15.987	
2020-04-03 20:44:17,472 update: 140	env-time: 6082.176s	pth-time: 683.897s	frames: 108288.0
2020-04-03 20:44:17,473 Average window size: 50  distance_to_goal: nan  reward: -0.017  spl: 0.000  top_down_map.agent_angle: -1.587
2020-04-03 20:53:17,708 update: 150	fps: 15.856	
2020-04-03 20:53:17,713 update: 150	env-time: 6573.110s	pth-time: 732.694s	frames: 115968.0
2020-04-03 20:53:17,714 Average window size: 50  distance_to_goal: nan  reward: -0.017  spl: 0.000  top_down_map.agent_angle: -1.581
2020-04-03 21:02:22,858 update: 160	fps: 15.734	
2020-04-03 21:02:22,863 update: 160	env-time: 7068.506s	pth-time: 781.877s	frames: 123648.0
2020-04-03 21:02:22,864 Average window size: 50  distance_to_goal: nan  reward: -0.017  spl: 0.000  top_down_map.agent_angle: -1.573
2020-04-03 21:11:44,724 update: 170	fps: 15.596	
2020-04-03 21:11:44,728 update: 170	env-time: 7581.492s	pth-time: 830.232s	frames: 131328.0
2020-04-03 21:11:44,730 Average window size: 50  distance_to_goal: nan  reward: -0.017  spl: 0.000  top_down_map.agent_angle: -1.572
2020-04-03 21:21:01,682 update: 180	fps: 15.484	
2020-04-03 21:21:01,687 update: 180	env-time: 8089.282s	pth-time: 878.900s	frames: 139008.0
2020-04-03 21:21:01,688 Average window size: 50  distance_to_goal: nan  reward: -0.017  spl: 0.000  top_down_map.agent_angle: -1.567
2020-04-03 21:30:16,064 update: 190	fps: 15.389	
2020-04-03 21:30:16,068 update: 190	env-time: 8594.625s	pth-time: 927.445s	frames: 146688.0
2020-04-03 21:30:16,069 Average window size: 50  distance_to_goal: nan  reward: -0.017  spl: 0.000  top_down_map.agent_angle: -1.566
2020-04-03 21:39:26,570 update: 200	fps: 15.310	
2020-04-03 21:39:26,574 update: 200	env-time: 9095.135s	pth-time: 976.938s	frames: 154368.0
2020-04-03 21:39:26,575 Average window size: 50  distance_to_goal: nan  reward: -0.017  spl: 0.000  top_down_map.agent_angle: -1.561
2020-04-03 21:48:31,177 update: 210	fps: 15.248	
2020-04-03 21:48:31,181 update: 210	env-time: 9590.769s	pth-time: 1025.332s	frames: 162048.0
2020-04-03 21:48:31,182 Average window size: 50  distance_to_goal: nan  reward: -0.016  spl: 0.000  top_down_map.agent_angle: -1.563
2020-04-03 21:57:42,640 update: 220	fps: 15.183	
2020-04-03 21:57:42,644 update: 220	env-time: 10092.737s	pth-time: 1074.302s	frames: 169728.0
2020-04-03 21:57:42,645 Average window size: 50  distance_to_goal: nan  reward: -0.016  spl: 0.000  top_down_map.agent_angle: -1.566
2020-04-03 22:06:03,442 update: 230	fps: 15.190	
2020-04-03 22:06:03,446 update: 230	env-time: 10544.017s	pth-time: 1123.314s	frames: 177408.0
2020-04-03 22:06:03,447 Average window size: 50  distance_to_goal: nan  reward: -0.016  spl: 0.000  top_down_map.agent_angle: -1.558
2020-04-03 22:15:26,108 update: 240	fps: 15.119	
2020-04-03 22:15:26,112 update: 240	env-time: 11056.557s	pth-time: 1172.916s	frames: 185088.0
2020-04-03 22:15:26,113 Average window size: 50  distance_to_goal: nan  reward: -0.016  spl: 0.000  top_down_map.agent_angle: -1.555
2020-04-03 22:25:12,088 update: 250	fps: 15.027	
2020-04-03 22:25:12,092 update: 250	env-time: 11591.712s	pth-time: 1223.209s	frames: 192768.0
2020-04-03 22:25:12,093 Average window size: 50  distance_to_goal: nan  reward: -0.016  spl: 0.000  top_down_map.agent_angle: -1.563
2020-04-03 22:35:09,447 update: 260	fps: 14.930	
2020-04-03 22:35:09,451 update: 260	env-time: 12138.847s	pth-time: 1272.850s	frames: 200448.0
2020-04-03 22:35:09,452 Average window size: 50  distance_to_goal: nan  reward: -0.016  spl: 0.000  top_down_map.agent_angle: -1.561
2020-04-03 22:44:59,045 update: 270	fps: 14.850	
2020-04-03 22:44:59,049 update: 270	env-time: 12677.538s	pth-time: 1323.220s	frames: 208128.0
2020-04-03 22:44:59,050 Average window size: 50  distance_to_goal: nan  reward: -0.016  spl: 0.000  top_down_map.agent_angle: -1.566
2020-04-03 22:54:54,040 update: 280	fps: 14.771	
2020-04-03 22:54:54,044 update: 280	env-time: 13223.508s	pth-time: 1371.734s	frames: 215808.0
2020-04-03 22:54:54,045 Average window size: 50  distance_to_goal: nan  reward: -0.016  spl: 0.000  top_down_map.agent_angle: -1.569
2020-04-03 23:04:44,637 update: 290	fps: 14.703	
2020-04-03 23:04:44,642 update: 290	env-time: 13764.995s	pth-time: 1420.326s	frames: 223488.0
2020-04-03 23:04:44,643 Average window size: 50  distance_to_goal: nan  reward: -0.016  spl: 0.000  top_down_map.agent_angle: -1.576
2020-04-03 23:14:54,935 update: 300	fps: 14.621	
2020-04-03 23:14:54,939 update: 300	env-time: 14325.972s	pth-time: 1469.122s	frames: 231168.0
2020-04-03 23:14:54,940 Average window size: 50  distance_to_goal: nan  reward: -0.016  spl: 0.000  top_down_map.agent_angle: -1.573
2020-04-03 23:25:26,526 update: 310	fps: 14.526	
2020-04-03 23:25:26,531 update: 310	env-time: 14906.720s	pth-time: 1519.382s	frames: 238848.0
2020-04-03 23:25:26,532 Average window size: 50  distance_to_goal: nan  reward: -0.016  spl: 0.000  top_down_map.agent_angle: -1.570
2020-04-03 23:36:03,831 update: 320	fps: 14.434	
2020-04-03 23:36:03,836 update: 320	env-time: 15493.889s	pth-time: 1568.981s	frames: 246528.0
2020-04-03 23:36:03,837 Average window size: 50  distance_to_goal: nan  reward: -0.016  spl: 0.000  top_down_map.agent_angle: -1.567
2020-04-03 23:46:33,453 update: 330	fps: 14.354	
2020-04-03 23:46:33,458 update: 330	env-time: 16073.213s	pth-time: 1618.733s	frames: 254208.0
2020-04-03 23:46:33,458 Average window size: 50  distance_to_goal: nan  reward: -0.016  spl: 0.000  top_down_map.agent_angle: -1.580
2020-04-03 23:56:43,642 update: 340	fps: 14.295	
2020-04-03 23:56:43,646 update: 340	env-time: 16633.556s	pth-time: 1668.061s	frames: 261888.0
2020-04-03 23:56:43,646 Average window size: 50  distance_to_goal: nan  reward: -0.016  spl: 0.000  top_down_map.agent_angle: -1.592
2020-04-04 00:06:51,815 update: 350	fps: 14.242	
2020-04-04 00:06:51,819 update: 350	env-time: 17192.067s	pth-time: 1717.212s	frames: 269568.0
2020-04-04 00:06:51,820 Average window size: 50  distance_to_goal: nan  reward: -0.016  spl: 0.000  top_down_map.agent_angle: -1.597
2020-04-04 00:17:00,768 update: 360	fps: 14.191	
2020-04-04 00:17:00,772 update: 360	env-time: 17750.978s	pth-time: 1766.676s	frames: 277248.0
2020-04-04 00:17:00,773 Average window size: 50  distance_to_goal: nan  reward: -0.016  spl: 0.000  top_down_map.agent_angle: -1.592
2020-04-04 00:27:14,379 update: 370	fps: 14.140	
2020-04-04 00:27:14,383 update: 370	env-time: 18314.350s	pth-time: 1816.397s	frames: 284928.0
2020-04-04 00:27:14,383 Average window size: 50  distance_to_goal: nan  reward: -0.016  spl: 0.000  top_down_map.agent_angle: -1.594
2020-04-04 00:37:20,346 update: 380	fps: 14.097	
2020-04-04 00:37:20,350 update: 380	env-time: 18870.438s	pth-time: 1865.764s	frames: 292608.0
2020-04-04 00:37:20,351 Average window size: 50  distance_to_goal: nan  reward: -0.016  spl: 0.000  top_down_map.agent_angle: -1.582
2020-04-04 00:46:47,819 update: 390	fps: 14.082	
2020-04-04 00:46:47,823 update: 390	env-time: 19388.219s	pth-time: 1914.945s	frames: 300288.0
2020-04-04 00:46:47,824 Average window size: 50  distance_to_goal: nan  reward: -0.016  spl: 0.000  top_down_map.agent_angle: -1.576
2020-04-04 00:56:03,015 update: 400	fps: 14.076	
2020-04-04 00:56:03,020 update: 400	env-time: 19894.016s	pth-time: 1963.814s	frames: 307968.0
2020-04-04 00:56:03,020 Average window size: 50  distance_to_goal: nan  reward: -0.016  spl: 0.000  top_down_map.agent_angle: -1.570
2020-04-04 01:05:13,340 update: 410	fps: 14.073	
2020-04-04 01:05:13,345 update: 410	env-time: 20394.692s	pth-time: 2012.895s	frames: 315648.0
2020-04-04 01:05:13,345 Average window size: 50  distance_to_goal: nan  reward: -0.016  spl: 0.000  top_down_map.agent_angle: -1.567
2020-04-04 01:14:19,346 update: 420	fps: 14.073	
2020-04-04 01:14:19,350 update: 420	env-time: 20891.937s	pth-time: 2061.142s	frames: 323328.0
2020-04-04 01:14:19,351 Average window size: 50  distance_to_goal: nan  reward: -0.015  spl: 0.000  top_down_map.agent_angle: -1.557
2020-04-04 01:23:18,139 update: 430	fps: 14.077	
2020-04-04 01:23:18,144 update: 430	env-time: 21382.926s	pth-time: 2108.450s	frames: 331008.0
2020-04-04 01:23:18,146 Average window size: 50  distance_to_goal: nan  reward: -0.015  spl: 0.000  top_down_map.agent_angle: -1.554
2020-04-04 01:32:18,781 update: 440	fps: 14.080	
2020-04-04 01:32:18,785 update: 440	env-time: 21875.057s	pth-time: 2156.449s	frames: 338688.0
2020-04-04 01:32:18,786 Average window size: 50  distance_to_goal: nan  reward: -0.015  spl: 0.000  top_down_map.agent_angle: -1.563
2020-04-04 01:40:32,326 update: 450	fps: 14.110	
2020-04-04 01:40:32,333 update: 450	env-time: 22319.905s	pth-time: 2204.632s	frames: 346368.0
2020-04-04 01:40:32,334 Average window size: 50  distance_to_goal: nan  reward: -0.014  spl: 0.001  top_down_map.agent_angle: -1.567
2020-04-04 01:48:31,211 update: 460	fps: 14.147	
2020-04-04 01:48:31,215 update: 460	env-time: 22750.504s	pth-time: 2252.354s	frames: 354048.0
2020-04-04 01:48:31,216 Average window size: 50  distance_to_goal: nan  reward: -0.014  spl: 0.001  top_down_map.agent_angle: -1.585
2020-04-04 01:56:23,181 update: 470	fps: 14.186	
2020-04-04 01:56:23,185 update: 470	env-time: 23173.623s	pth-time: 2300.696s	frames: 361728.0
2020-04-04 01:56:23,185 Average window size: 50  distance_to_goal: nan  reward: -0.014  spl: 0.001  top_down_map.agent_angle: -1.593
2020-04-04 02:04:44,635 update: 480	fps: 14.208	
2020-04-04 02:04:44,638 update: 480	env-time: 23625.689s	pth-time: 2349.553s	frames: 369408.0
2020-04-04 02:04:44,639 Average window size: 50  distance_to_goal: nan  reward: -0.014  spl: 0.001  top_down_map.agent_angle: -1.596
2020-04-04 02:13:07,062 update: 490	fps: 14.228	
2020-04-04 02:13:07,065 update: 490	env-time: 24078.919s	pth-time: 2398.239s	frames: 377088.0
2020-04-04 02:13:07,066 Average window size: 50  distance_to_goal: nan  reward: -0.015  spl: 0.000  top_down_map.agent_angle: -1.581
2020-04-04 02:21:27,781 update: 500	fps: 14.249	
2020-04-04 02:21:27,785 update: 500	env-time: 24529.951s	pth-time: 2447.399s	frames: 384768.0
2020-04-04 02:21:27,786 Average window size: 50  distance_to_goal: nan  reward: -0.015  spl: 0.000  top_down_map.agent_angle: -1.573
2020-04-04 02:29:50,985 update: 510	fps: 14.267	
2020-04-04 02:29:50,989 update: 510	env-time: 24983.963s	pth-time: 2496.003s	frames: 392448.0
2020-04-04 02:29:50,990 Average window size: 50  distance_to_goal: nan  reward: -0.016  spl: 0.000  top_down_map.agent_angle: -1.572
2020-04-04 02:38:11,790 update: 520	fps: 14.286	
2020-04-04 02:38:11,794 update: 520	env-time: 25435.154s	pth-time: 2545.104s	frames: 400128.0
2020-04-04 02:38:11,794 Average window size: 50  distance_to_goal: nan  reward: -0.016  spl: 0.000  top_down_map.agent_angle: -1.567
2020-04-04 02:46:33,383 update: 530	fps: 14.304	
2020-04-04 02:46:33,388 update: 530	env-time: 25888.038s	pth-time: 2593.292s	frames: 407808.0
2020-04-04 02:46:33,389 Average window size: 50  distance_to_goal: nan  reward: -0.016  spl: 0.000  top_down_map.agent_angle: -1.562
2020-04-04 02:55:17,463 update: 540	fps: 14.311	
2020-04-04 02:55:17,468 update: 540	env-time: 26362.690s	pth-time: 2642.215s	frames: 415488.0
2020-04-04 02:55:17,470 Average window size: 50  distance_to_goal: nan  reward: -0.016  spl: 0.000  top_down_map.agent_angle: -1.561
2020-04-04 03:04:03,555 update: 550	fps: 14.316	
2020-04-04 03:04:03,560 update: 550	env-time: 26840.092s	pth-time: 2690.410s	frames: 423168.0
2020-04-04 03:04:03,561 Average window size: 50  distance_to_goal: nan  reward: -0.016  spl: 0.000  top_down_map.agent_angle: -1.550
2020-04-04 03:14:43,224 update: 560	fps: 14.267	
2020-04-04 03:14:43,229 update: 560	env-time: 27430.047s	pth-time: 2739.552s	frames: 430848.0
2020-04-04 03:14:43,230 Average window size: 50  distance_to_goal: nan  reward: -0.016  spl: 0.000  top_down_map.agent_angle: -1.557
2020-04-04 03:25:27,461 update: 570	fps: 14.218	
2020-04-04 03:25:27,466 update: 570	env-time: 28024.701s	pth-time: 2788.621s	frames: 438528.0
2020-04-04 03:25:27,466 Average window size: 50  distance_to_goal: nan  reward: -0.016  spl: 0.000  top_down_map.agent_angle: -1.563
2020-04-04 03:36:01,330 update: 580	fps: 14.176	
2020-04-04 03:36:01,334 update: 580	env-time: 28609.135s	pth-time: 2837.520s	frames: 446208.0
2020-04-04 03:36:01,335 Average window size: 50  distance_to_goal: nan  reward: -0.016  spl: 0.000  top_down_map.agent_angle: -1.563
2020-04-04 03:46:48,875 update: 590	fps: 14.129	
2020-04-04 03:46:48,879 update: 590	env-time: 29206.902s	pth-time: 2886.773s	frames: 453888.0
2020-04-04 03:46:48,880 Average window size: 50  distance_to_goal: nan  reward: -0.016  spl: 0.000  top_down_map.agent_angle: -1.561
2020-04-04 03:57:26,924 update: 600	fps: 14.088	
2020-04-04 03:57:26,928 update: 600	env-time: 29795.197s	pth-time: 2936.010s	frames: 461568.0
2020-04-04 03:57:26,929 Average window size: 50  distance_to_goal: nan  reward: -0.016  spl: 0.000  top_down_map.agent_angle: -1.583
2020-04-04 04:08:13,226 update: 610	fps: 14.045	
2020-04-04 04:08:13,230 update: 610	env-time: 30391.162s	pth-time: 2985.773s	frames: 469248.0
2020-04-04 04:08:13,231 Average window size: 50  distance_to_goal: nan  reward: -0.016  spl: 0.000  top_down_map.agent_angle: -1.577
2020-04-04 04:18:19,411 update: 620	fps: 14.021	
2020-04-04 04:18:19,415 update: 620	env-time: 30947.351s	pth-time: 3035.248s	frames: 476928.0
2020-04-04 04:18:19,416 Average window size: 50  distance_to_goal: nan  reward: -0.016  spl: 0.000  top_down_map.agent_angle: -1.576
2020-04-04 04:26:32,468 update: 630	fps: 14.043	
2020-04-04 04:26:32,472 update: 630	env-time: 31391.885s	pth-time: 3083.261s	frames: 484608.0
2020-04-04 04:26:32,473 Average window size: 50  distance_to_goal: nan  reward: -0.016  spl: 0.000  top_down_map.agent_angle: -1.573
2020-04-04 04:35:12,923 update: 640	fps: 14.054	
2020-04-04 04:35:12,928 update: 640	env-time: 31863.974s	pth-time: 3131.120s	frames: 492288.0
2020-04-04 04:35:12,929 Average window size: 50  distance_to_goal: nan  reward: -0.016  spl: 0.000  top_down_map.agent_angle: -1.582
2020-04-04 04:44:16,182 update: 650	fps: 14.055	
2020-04-04 04:44:16,187 update: 650	env-time: 32358.142s	pth-time: 3179.704s	frames: 499968.0
2020-04-04 04:44:16,188 Average window size: 50  distance_to_goal: nan  reward: -0.016  spl: 0.000  top_down_map.agent_angle: -1.582
2020-04-04 04:52:57,983 update: 660	fps: 14.065	
2020-04-04 04:52:57,988 update: 660	env-time: 32830.721s	pth-time: 3228.363s	frames: 507648.0
2020-04-04 04:52:58,009 Average window size: 50  distance_to_goal: nan  reward: -0.016  spl: 0.000  top_down_map.agent_angle: -1.579
2020-04-04 05:01:42,931 update: 670	fps: 14.073	
2020-04-04 05:01:42,937 update: 670	env-time: 33306.866s	pth-time: 3276.634s	frames: 515328.0
2020-04-04 05:01:42,937 Average window size: 50  distance_to_goal: nan  reward: -0.016  spl: 0.000  top_down_map.agent_angle: -1.571
2020-04-04 05:10:26,423 update: 680	fps: 14.081	
2020-04-04 05:10:26,427 update: 680	env-time: 33781.424s	pth-time: 3325.050s	frames: 523008.0
2020-04-04 05:10:26,428 Average window size: 50  distance_to_goal: nan  reward: -0.016  spl: 0.000  top_down_map.agent_angle: -1.580
2020-04-04 05:19:09,369 update: 690	fps: 14.090	
2020-04-04 05:19:09,373 update: 690	env-time: 34255.707s	pth-time: 3373.194s	frames: 530688.0
2020-04-04 05:19:09,374 Average window size: 50  distance_to_goal: nan  reward: -0.016  spl: 0.000  top_down_map.agent_angle: -1.580
2020-04-04 05:27:36,070 update: 700	fps: 14.104	
2020-04-04 05:27:36,074 update: 700	env-time: 34713.091s	pth-time: 3421.996s	frames: 538368.0
2020-04-04 05:27:36,074 Average window size: 50  distance_to_goal: nan  reward: -0.016  spl: 0.000  top_down_map.agent_angle: -1.565
2020-04-04 05:36:04,921 update: 710	fps: 14.117	
2020-04-04 05:36:04,925 update: 710	env-time: 35172.230s	pth-time: 3471.133s	frames: 546048.0
2020-04-04 05:36:04,926 Average window size: 50  distance_to_goal: nan  reward: -0.016  spl: 0.000  top_down_map.agent_angle: -1.567
2020-04-04 05:43:57,282 update: 720	fps: 14.143	
2020-04-04 05:43:57,286 update: 720	env-time: 35595.776s	pth-time: 3519.431s	frames: 553728.0
2020-04-04 05:43:57,287 Average window size: 50  distance_to_goal: nan  reward: -0.016  spl: 0.000  top_down_map.agent_angle: -1.567
2020-04-04 05:52:29,600 update: 730	fps: 14.154	
2020-04-04 05:52:29,604 update: 730	env-time: 36060.073s	pth-time: 3566.945s	frames: 561408.0
2020-04-04 05:52:29,633 Average window size: 50  distance_to_goal: nan  reward: -0.016  spl: 0.000  top_down_map.agent_angle: -1.570
2020-04-04 06:02:20,570 update: 740	fps: 14.137	
2020-04-04 06:02:20,576 update: 740	env-time: 36602.543s	pth-time: 3614.912s	frames: 569088.0
2020-04-04 06:02:20,577 Average window size: 50  distance_to_goal: nan  reward: -0.016  spl: 0.000  top_down_map.agent_angle: -1.562
2020-04-04 06:12:09,617 update: 750	fps: 14.121	
2020-04-04 06:12:09,622 update: 750	env-time: 37141.939s	pth-time: 3664.039s	frames: 576768.0
2020-04-04 06:12:09,623 Average window size: 50  distance_to_goal: nan  reward: -0.016  spl: 0.000  top_down_map.agent_angle: -1.570
2020-04-04 06:22:06,496 update: 760	fps: 14.103	
2020-04-04 06:22:06,501 update: 760	env-time: 37689.650s	pth-time: 3712.626s	frames: 584448.0
2020-04-04 06:22:06,502 Average window size: 50  distance_to_goal: nan  reward: -0.015  spl: 0.000  top_down_map.agent_angle: -1.574
2020-04-04 06:32:01,364 update: 770	fps: 14.086	
2020-04-04 06:32:01,368 update: 770	env-time: 38235.952s	pth-time: 3760.694s	frames: 592128.0
2020-04-04 06:32:01,369 Average window size: 50  distance_to_goal: nan  reward: -0.015  spl: 0.000  top_down_map.agent_angle: -1.572
2020-04-04 06:42:02,696 update: 780	fps: 14.067	
2020-04-04 06:42:02,700 update: 780	env-time: 38789.158s	pth-time: 3808.321s	frames: 599808.0
2020-04-04 06:42:02,720 Average window size: 50  distance_to_goal: nan  reward: -0.015  spl: 0.000  top_down_map.agent_angle: -1.565
2020-04-04 06:52:03,872 update: 790	fps: 14.049	
2020-04-04 06:52:03,875 update: 790	env-time: 39341.322s	pth-time: 3856.806s	frames: 607488.0
2020-04-04 06:52:03,876 Average window size: 50  distance_to_goal: nan  reward: -0.015  spl: 0.000  top_down_map.agent_angle: -1.567
2020-04-04 07:01:57,505 update: 800	fps: 14.034	
2020-04-04 07:01:57,512 update: 800	env-time: 39885.885s	pth-time: 3905.377s	frames: 615168.0
2020-04-04 07:01:57,513 Average window size: 50  distance_to_goal: nan  reward: -0.015  spl: 0.000  top_down_map.agent_angle: -1.563
2020-04-04 07:11:50,195 update: 810	fps: 14.020	
2020-04-04 07:11:50,199 update: 810	env-time: 40429.492s	pth-time: 3953.887s	frames: 622848.0
2020-04-04 07:11:50,200 Average window size: 50  distance_to_goal: nan  reward: -0.016  spl: 0.000  top_down_map.agent_angle: -1.556
2020-04-04 07:21:43,265 update: 820	fps: 14.006	
2020-04-04 07:21:43,269 update: 820	env-time: 40973.346s	pth-time: 4002.604s	frames: 630528.0
2020-04-04 07:21:43,270 Average window size: 50  distance_to_goal: nan  reward: -0.016  spl: 0.000  top_down_map.agent_angle: -1.564
2020-04-04 07:30:34,752 update: 830	fps: 14.011	
2020-04-04 07:30:34,756 update: 830	env-time: 41455.726s	pth-time: 4051.201s	frames: 638208.0
2020-04-04 07:30:34,757 Average window size: 50  distance_to_goal: nan  reward: -0.016  spl: 0.000  top_down_map.agent_angle: -1.579
2020-04-04 07:39:01,656 update: 840	fps: 14.023	
2020-04-04 07:39:01,660 update: 840	env-time: 41913.518s	pth-time: 4099.802s	frames: 645888.0
2020-04-04 07:39:01,661 Average window size: 50  distance_to_goal: nan  reward: -0.016  spl: 0.000  top_down_map.agent_angle: -1.580
2020-04-04 07:47:28,882 update: 850	fps: 14.036	
2020-04-04 07:47:28,887 update: 850	env-time: 42371.347s	pth-time: 4148.690s	frames: 653568.0
2020-04-04 07:47:28,888 Average window size: 50  distance_to_goal: nan  reward: -0.016  spl: 0.000  top_down_map.agent_angle: -1.568
2020-04-04 07:55:58,904 update: 860	fps: 14.047	
2020-04-04 07:55:58,908 update: 860	env-time: 42831.889s	pth-time: 4197.617s	frames: 661248.0
2020-04-04 07:55:58,909 Average window size: 50  distance_to_goal: nan  reward: -0.016  spl: 0.000  top_down_map.agent_angle: -1.573
2020-04-04 08:05:02,864 update: 870	fps: 14.048	
2020-04-04 08:05:02,867 update: 870	env-time: 43325.687s	pth-time: 4247.260s	frames: 668928.0
2020-04-04 08:05:02,868 Average window size: 50  distance_to_goal: nan  reward: -0.016  spl: 0.000  top_down_map.agent_angle: -1.574
2020-04-04 08:14:03,551 update: 880	fps: 14.049	
2020-04-04 08:14:03,555 update: 880	env-time: 43816.457s	pth-time: 4296.668s	frames: 676608.0
2020-04-04 08:14:03,556 Average window size: 50  distance_to_goal: nan  reward: -0.016  spl: 0.000  top_down_map.agent_angle: -1.566
2020-04-04 08:22:54,236 update: 890	fps: 14.054	
2020-04-04 08:22:54,240 update: 890	env-time: 44297.888s	pth-time: 4345.428s	frames: 684288.0
2020-04-04 08:22:54,241 Average window size: 50  distance_to_goal: nan  reward: -0.016  spl: 0.000  top_down_map.agent_angle: -1.567
2020-04-04 08:31:51,444 update: 900	fps: 14.057	
2020-04-04 08:31:51,448 update: 900	env-time: 44784.937s	pth-time: 4395.074s	frames: 691968.0
2020-04-04 08:31:51,449 Average window size: 50  distance_to_goal: nan  reward: -0.016  spl: 0.000  top_down_map.agent_angle: -1.575
2020-04-04 08:40:41,311 update: 910	fps: 14.061	
2020-04-04 08:40:41,315 update: 910	env-time: 45264.891s	pth-time: 4444.425s	frames: 699648.0
2020-04-04 08:40:41,316 Average window size: 50  distance_to_goal: nan  reward: -0.016  spl: 0.000  top_down_map.agent_angle: -1.585
2020-04-04 08:49:26,966 update: 920	fps: 14.067	
2020-04-04 08:49:26,970 update: 920	env-time: 45740.090s	pth-time: 4494.358s	frames: 707328.0
2020-04-04 08:49:26,971 Average window size: 50  distance_to_goal: nan  reward: -0.016  spl: 0.000  top_down_map.agent_angle: -1.586
2020-04-04 08:58:08,417 update: 930	fps: 14.074	
2020-04-04 08:58:08,420 update: 930	env-time: 46211.280s	pth-time: 4544.097s	frames: 715008.0
2020-04-04 08:58:08,421 Average window size: 50  distance_to_goal: nan  reward: -0.016  spl: 0.000  top_down_map.agent_angle: -1.587
2020-04-04 09:06:31,256 update: 940	fps: 14.085	
2020-04-04 09:06:31,260 update: 940	env-time: 46664.051s	pth-time: 4593.652s	frames: 722688.0
2020-04-04 09:06:31,260 Average window size: 50  distance_to_goal: nan  reward: -0.016  spl: 0.000  top_down_map.agent_angle: -1.582
2020-04-04 09:14:49,107 update: 950	fps: 14.098	
2020-04-04 09:14:49,111 update: 950	env-time: 47112.481s	pth-time: 4642.565s	frames: 730368.0
2020-04-04 09:14:49,112 Average window size: 50  distance_to_goal: nan  reward: -0.016  spl: 0.000  top_down_map.agent_angle: -1.582
2020-04-04 09:22:47,739 update: 960	fps: 14.116	
2020-04-04 09:22:47,744 update: 960	env-time: 47543.198s	pth-time: 4689.913s	frames: 738048.0
2020-04-04 09:22:47,745 Average window size: 50  distance_to_goal: nan  reward: -0.015  spl: 0.000  top_down_map.agent_angle: -1.575
2020-04-04 09:30:37,811 update: 970	fps: 14.136	
2020-04-04 09:30:37,815 update: 970	env-time: 47965.196s	pth-time: 4737.474s	frames: 745728.0
2020-04-04 09:30:37,817 Average window size: 50  distance_to_goal: nan  reward: -0.016  spl: 0.000  top_down_map.agent_angle: -1.572
2020-04-04 09:38:10,045 update: 980	fps: 14.160	
2020-04-04 09:38:10,049 update: 980	env-time: 48369.538s	pth-time: 4784.860s	frames: 753408.0
2020-04-04 09:38:10,050 Average window size: 50  distance_to_goal: nan  reward: -0.016  spl: 0.000  top_down_map.agent_angle: -1.574
2020-04-04 09:45:47,694 update: 990	fps: 14.183	
2020-04-04 09:45:47,698 update: 990	env-time: 48780.111s	pth-time: 4831.449s	frames: 761088.0
2020-04-04 09:45:47,699 Average window size: 50  distance_to_goal: nan  reward: -0.015  spl: 0.000  top_down_map.agent_angle: -1.581
2020-04-04 09:53:27,001 update: 1000	fps: 14.204	
2020-04-04 09:53:27,006 update: 1000	env-time: 49191.930s	pth-time: 4878.460s	frames: 768768.0
2020-04-04 09:53:27,007 Average window size: 50  distance_to_goal: nan  reward: -0.013  spl: 0.001  top_down_map.agent_angle: -1.581
2020-04-04 10:01:12,994 update: 1010	fps: 14.224	
2020-04-04 10:01:12,998 update: 1010	env-time: 49609.689s	pth-time: 4926.146s	frames: 776448.0
2020-04-04 10:01:12,999 Average window size: 50  distance_to_goal: nan  reward: -0.009  spl: 0.003  top_down_map.agent_angle: -1.589
2020-04-04 10:08:24,056 update: 1020	fps: 14.252	
2020-04-04 10:08:24,060 update: 1020	env-time: 49992.513s	pth-time: 4973.895s	frames: 784128.0
2020-04-04 10:08:24,061 Average window size: 50  distance_to_goal: nan  reward: -0.007  spl: 0.003  top_down_map.agent_angle: -1.590
2020-04-04 10:16:30,713 update: 1030	fps: 14.265	
2020-04-04 10:16:30,717 update: 1030	env-time: 50429.279s	pth-time: 5023.275s	frames: 791808.0
2020-04-04 10:16:30,718 Average window size: 50  distance_to_goal: nan  reward: -0.005  spl: 0.004  top_down_map.agent_angle: -1.593
2020-04-04 10:25:47,598 update: 1040	fps: 14.260	
2020-04-04 10:25:47,602 update: 1040	env-time: 50934.138s	pth-time: 5074.762s	frames: 799488.0
2020-04-04 10:25:47,603 Average window size: 50  distance_to_goal: nan  reward: -0.003  spl: 0.005  top_down_map.agent_angle: -1.583
2020-04-04 10:35:21,967 update: 1050	fps: 14.251	
2020-04-04 10:35:21,971 update: 1050	env-time: 51456.998s	pth-time: 5125.732s	frames: 807168.0
2020-04-04 10:35:21,972 Average window size: 50  distance_to_goal: nan  reward: -0.002  spl: 0.005  top_down_map.agent_angle: -1.583
2020-04-04 10:44:29,990 update: 1060	fps: 14.249	
2020-04-04 10:44:29,995 update: 1060	env-time: 51953.538s	pth-time: 5176.630s	frames: 814848.0
2020-04-04 10:44:29,995 Average window size: 50  distance_to_goal: nan  reward: -0.004  spl: 0.005  top_down_map.agent_angle: -1.566
2020-04-04 10:53:27,731 update: 1070	fps: 14.249	
2020-04-04 10:53:27,734 update: 1070	env-time: 52440.048s	pth-time: 5227.323s	frames: 822528.0
2020-04-04 10:53:27,735 Average window size: 50  distance_to_goal: nan  reward: -0.006  spl: 0.004  top_down_map.agent_angle: -1.558
2020-04-04 11:02:36,282 update: 1080	fps: 14.247	
2020-04-04 11:02:36,286 update: 1080	env-time: 52938.809s	pth-time: 5276.607s	frames: 830208.0
2020-04-04 11:02:36,287 Average window size: 50  distance_to_goal: nan  reward: -0.008  spl: 0.003  top_down_map.agent_angle: -1.555
2020-04-04 11:11:50,810 update: 1090	fps: 14.243	
2020-04-04 11:11:50,815 update: 1090	env-time: 53442.200s	pth-time: 5327.217s	frames: 837888.0
2020-04-04 11:11:50,815 Average window size: 50  distance_to_goal: nan  reward: -0.012  spl: 0.002  top_down_map.agent_angle: -1.549
2020-04-04 11:21:02,562 update: 1100	fps: 14.240	
2020-04-04 11:21:02,567 update: 1100	env-time: 53943.006s	pth-time: 5377.628s	frames: 845568.0
2020-04-04 11:21:02,567 Average window size: 50  distance_to_goal: nan  reward: -0.015  spl: 0.000  top_down_map.agent_angle: -1.540
2020-04-04 11:30:16,653 update: 1110	fps: 14.237	
2020-04-04 11:30:16,657 update: 1110	env-time: 54446.852s	pth-time: 5427.292s	frames: 853248.0
2020-04-04 11:30:16,680 Average window size: 50  distance_to_goal: nan  reward: -0.016  spl: 0.000  top_down_map.agent_angle: -1.549
2020-04-04 11:39:26,089 update: 1120	fps: 14.234	
2020-04-04 11:39:26,093 update: 1120	env-time: 54946.231s	pth-time: 5476.796s	frames: 860928.0
2020-04-04 11:39:26,094 Average window size: 50  distance_to_goal: nan  reward: -0.016  spl: 0.000  top_down_map.agent_angle: -1.542
2020-04-04 11:48:35,872 update: 1130	fps: 14.232	
2020-04-04 11:48:35,876 update: 1130	env-time: 55445.557s	pth-time: 5526.719s	frames: 868608.0
2020-04-04 11:48:35,877 Average window size: 50  distance_to_goal: nan  reward: -0.016  spl: 0.000  top_down_map.agent_angle: -1.552
2020-04-04 11:57:55,066 update: 1140	fps: 14.228	
2020-04-04 11:57:55,071 update: 1140	env-time: 55954.008s	pth-time: 5576.939s	frames: 876288.0
2020-04-04 11:57:55,071 Average window size: 50  distance_to_goal: nan  reward: -0.016  spl: 0.000  top_down_map.agent_angle: -1.555
2020-04-04 12:06:59,230 update: 1150	fps: 14.227	
2020-04-04 12:06:59,234 update: 1150	env-time: 56446.773s	pth-time: 5627.797s	frames: 883968.0
2020-04-04 12:06:59,235 Average window size: 50  distance_to_goal: nan  reward: -0.016  spl: 0.000  top_down_map.agent_angle: -1.566
2020-04-04 12:16:21,935 update: 1160	fps: 14.221	
2020-04-04 12:16:21,938 update: 1160	env-time: 56957.643s	pth-time: 5679.040s	frames: 891648.0
2020-04-04 12:16:21,939 Average window size: 50  distance_to_goal: nan  reward: -0.016  spl: 0.000  top_down_map.agent_angle: -1.565
2020-04-04 12:25:51,704 update: 1170	fps: 14.215	
2020-04-04 12:25:51,708 update: 1170	env-time: 57476.550s	pth-time: 5729.367s	frames: 899328.0
2020-04-04 12:25:51,709 Average window size: 50  distance_to_goal: nan  reward: -0.016  spl: 0.000  top_down_map.agent_angle: -1.581
2020-04-04 12:35:27,639 update: 1180	fps: 14.207	
2020-04-04 12:35:27,643 update: 1180	env-time: 58001.874s	pth-time: 5779.461s	frames: 907008.0
2020-04-04 12:35:27,644 Average window size: 50  distance_to_goal: nan  reward: -0.016  spl: 0.000  top_down_map.agent_angle: -1.574
2020-04-04 12:44:45,977 update: 1190	fps: 14.203	
2020-04-04 12:44:45,981 update: 1190	env-time: 58508.865s	pth-time: 5830.290s	frames: 914688.0
2020-04-04 12:44:45,982 Average window size: 50  distance_to_goal: nan  reward: -0.016  spl: 0.000  top_down_map.agent_angle: -1.576
2020-04-04 12:53:26,983 update: 1200	fps: 14.207	
2020-04-04 12:53:26,986 update: 1200	env-time: 58980.495s	pth-time: 5879.163s	frames: 922368.0
2020-04-04 12:53:26,986 Average window size: 50  distance_to_goal: nan  reward: -0.016  spl: 0.000  top_down_map.agent_angle: -1.572
2020-04-04 13:03:03,342 update: 1210	fps: 14.199	
2020-04-04 13:03:03,346 update: 1210	env-time: 59506.068s	pth-time: 5929.351s	frames: 930048.0
2020-04-04 13:03:03,347 Average window size: 50  distance_to_goal: nan  reward: -0.016  spl: 0.000  top_down_map.agent_angle: -1.563
2020-04-04 13:12:56,113 update: 1220	fps: 14.188	
2020-04-04 13:12:56,117 update: 1220	env-time: 60048.949s	pth-time: 5978.700s	frames: 937728.0
2020-04-04 13:12:56,118 Average window size: 50  distance_to_goal: nan  reward: -0.016  spl: 0.000  top_down_map.agent_angle: -1.559
2020-04-04 13:22:29,494 update: 1230	fps: 14.181	
2020-04-04 13:22:29,498 update: 1230	env-time: 60571.719s	pth-time: 6028.783s	frames: 945408.0
2020-04-04 13:22:29,499 Average window size: 50  distance_to_goal: nan  reward: -0.016  spl: 0.000  top_down_map.agent_angle: -1.565
2020-04-04 13:31:59,350 update: 1240	fps: 14.175	
2020-04-04 13:31:59,354 update: 1240	env-time: 61090.772s	pth-time: 6079.051s	frames: 953088.0
2020-04-04 13:31:59,355 Average window size: 50  distance_to_goal: nan  reward: -0.016  spl: 0.000  top_down_map.agent_angle: -1.567
2020-04-04 13:41:30,241 update: 1250	fps: 14.169	
2020-04-04 13:41:30,245 update: 1250	env-time: 61610.276s	pth-time: 6129.893s	frames: 960768.0
2020-04-04 13:41:30,246 Average window size: 50  distance_to_goal: nan  reward: -0.016  spl: 0.000  top_down_map.agent_angle: -1.571
2020-04-04 13:51:02,226 update: 1260	fps: 14.163	
2020-04-04 13:51:02,231 update: 1260	env-time: 62131.064s	pth-time: 6180.510s	frames: 968448.0
2020-04-04 13:51:02,232 Average window size: 50  distance_to_goal: nan  reward: -0.016  spl: 0.000  top_down_map.agent_angle: -1.581
2020-04-04 14:00:24,170 update: 1270	fps: 14.159	
2020-04-04 14:00:24,174 update: 1270	env-time: 62641.889s	pth-time: 6231.091s	frames: 976128.0
2020-04-04 14:00:24,176 Average window size: 50  distance_to_goal: nan  reward: -0.016  spl: 0.000  top_down_map.agent_angle: -1.578
2020-04-04 14:09:25,519 update: 1280	fps: 14.159	
2020-04-04 14:09:25,524 update: 1280	env-time: 63133.232s	pth-time: 6280.581s	frames: 983808.0
2020-04-04 14:09:25,526 Average window size: 50  distance_to_goal: nan  reward: -0.016  spl: 0.000  top_down_map.agent_angle: -1.570
2020-04-04 14:19:13,240 update: 1290	fps: 14.150	
2020-04-04 14:19:13,248 update: 1290	env-time: 63670.692s	pth-time: 6330.320s	frames: 991488.0
2020-04-04 14:19:13,284 Average window size: 50  distance_to_goal: nan  reward: -0.016  spl: 0.000  top_down_map.agent_angle: -1.571
2020-04-04 14:29:41,205 update: 1300	fps: 14.133	
2020-04-04 14:29:41,209 update: 1300	env-time: 64248.220s	pth-time: 6380.199s	frames: 999168.0
2020-04-04 14:29:41,211 Average window size: 50  distance_to_goal: nan  reward: -0.016  spl: 0.000  top_down_map.agent_angle: -1.574
2020-04-04 14:40:06,051 update: 1310	fps: 14.117	
2020-04-04 14:40:06,055 update: 1310	env-time: 64823.331s	pth-time: 6429.353s	frames: 1006848.0
2020-04-04 14:40:06,057 Average window size: 50  distance_to_goal: nan  reward: -0.016  spl: 0.000  top_down_map.agent_angle: -1.569
2020-04-04 14:50:31,030 update: 1320	fps: 14.101	
2020-04-04 14:50:31,034 update: 1320	env-time: 65398.035s	pth-time: 6479.109s	frames: 1014528.0
2020-04-04 14:50:31,035 Average window size: 50  distance_to_goal: nan  reward: -0.016  spl: 0.000  top_down_map.agent_angle: -1.555
2020-04-04 15:00:49,515 update: 1330	fps: 14.087	
2020-04-04 15:00:49,520 update: 1330	env-time: 65967.012s	pth-time: 6528.077s	frames: 1022208.0
2020-04-04 15:00:49,542 Average window size: 50  distance_to_goal: nan  reward: -0.016  spl: 0.000  top_down_map.agent_angle: -1.555
2020-04-04 15:11:11,460 update: 1340	fps: 14.072	
2020-04-04 15:11:11,464 update: 1340	env-time: 66539.739s	pth-time: 6576.742s	frames: 1029888.0
2020-04-04 15:11:11,465 Average window size: 50  distance_to_goal: nan  reward: -0.016  spl: 0.000  top_down_map.agent_angle: -1.558
2020-04-04 15:21:09,558 update: 1350	fps: 14.062	
2020-04-04 15:21:09,561 update: 1350	env-time: 67088.729s	pth-time: 6625.322s	frames: 1037568.0
2020-04-04 15:21:09,562 Average window size: 50  distance_to_goal: nan  reward: -0.015  spl: 0.000  top_down_map.agent_angle: -1.558
2020-04-04 15:30:47,980 update: 1360	fps: 14.056	
2020-04-04 15:30:47,985 update: 1360	env-time: 67618.445s	pth-time: 6673.454s	frames: 1045248.0
2020-04-04 15:30:47,986 Average window size: 50  distance_to_goal: nan  reward: -0.015  spl: 0.000  top_down_map.agent_angle: -1.569
2020-04-04 15:39:38,719 update: 1370	fps: 14.059	
2020-04-04 15:39:38,724 update: 1370	env-time: 68099.051s	pth-time: 6723.075s	frames: 1052928.0
2020-04-04 15:39:38,725 Average window size: 50  distance_to_goal: nan  reward: -0.015  spl: 0.000  top_down_map.agent_angle: -1.583
2020-04-04 15:47:26,650 update: 1380	fps: 14.073	
2020-04-04 15:47:26,658 update: 1380	env-time: 68517.343s	pth-time: 6772.202s	frames: 1060608.0
2020-04-04 15:47:26,660 Average window size: 50  distance_to_goal: nan  reward: -0.015  spl: 0.000  top_down_map.agent_angle: -1.583
2020-04-04 15:55:26,731 update: 1390	fps: 14.086	
2020-04-04 15:55:26,734 update: 1390	env-time: 68949.785s	pth-time: 6819.354s	frames: 1068288.0
2020-04-04 15:55:26,735 Average window size: 50  distance_to_goal: nan  reward: -0.015  spl: 0.000  top_down_map.agent_angle: -1.585
2020-04-04 16:03:23,283 update: 1400	fps: 14.098	
2020-04-04 16:03:23,289 update: 1400	env-time: 69378.655s	pth-time: 6866.542s	frames: 1075968.0
2020-04-04 16:03:23,289 Average window size: 50  distance_to_goal: nan  reward: -0.015  spl: 0.000  top_down_map.agent_angle: -1.587
2020-04-04 16:11:20,044 update: 1410	fps: 14.111	
2020-04-04 16:11:20,048 update: 1410	env-time: 69807.355s	pth-time: 6914.042s	frames: 1083648.0
2020-04-04 16:11:20,049 Average window size: 50  distance_to_goal: nan  reward: -0.015  spl: 0.000  top_down_map.agent_angle: -1.581
2020-04-04 16:19:16,137 update: 1420	fps: 14.123	
2020-04-04 16:19:16,141 update: 1420	env-time: 70235.289s	pth-time: 6961.699s	frames: 1091328.0
2020-04-04 16:19:16,142 Average window size: 50  distance_to_goal: nan  reward: -0.015  spl: 0.001  top_down_map.agent_angle: -1.579
2020-04-04 16:27:46,122 update: 1430	fps: 14.129	
2020-04-04 16:27:46,126 update: 1430	env-time: 70696.829s	pth-time: 7009.635s	frames: 1099008.0
2020-04-04 16:27:46,149 Average window size: 50  distance_to_goal: nan  reward: -0.015  spl: 0.001  top_down_map.agent_angle: -1.573
2020-04-04 16:36:34,346 update: 1440	fps: 14.132	
2020-04-04 16:36:34,350 update: 1440	env-time: 71176.559s	pth-time: 7057.595s	frames: 1106688.0
2020-04-04 16:36:34,351 Average window size: 50  distance_to_goal: nan  reward: -0.015  spl: 0.000  top_down_map.agent_angle: -1.577
2020-04-04 16:45:21,402 update: 1450	fps: 14.135	
2020-04-04 16:45:21,406 update: 1450	env-time: 71654.810s	pth-time: 7105.891s	frames: 1114368.0
2020-04-04 16:45:21,407 Average window size: 50  distance_to_goal: nan  reward: -0.015  spl: 0.000  top_down_map.agent_angle: -1.563
2020-04-04 16:54:20,248 update: 1460	fps: 14.136	
2020-04-04 16:54:20,253 update: 1460	env-time: 72144.845s	pth-time: 7154.144s	frames: 1122048.0
2020-04-04 16:54:20,254 Average window size: 50  distance_to_goal: nan  reward: -0.016  spl: 0.000  top_down_map.agent_angle: -1.565
2020-04-04 17:03:09,391 update: 1470	fps: 14.138	
2020-04-04 17:03:09,396 update: 1470	env-time: 72624.970s	pth-time: 7202.657s	frames: 1129728.0
2020-04-04 17:03:09,397 Average window size: 50  distance_to_goal: nan  reward: -0.016  spl: 0.000  top_down_map.agent_angle: -1.572
